<?xml version="1.0" encoding="UTF-8"?>
<coverage generated="1762954079128" clover="3.2.0">
  <project timestamp="1762954079129" name="All files">
    <metrics statements="5" coveredstatements="5" conditionals="4" coveredconditionals="4" methods="2" coveredmethods="2" elements="11" coveredelements="11" complexity="0" loc="5" ncloc="5" packages="1" files="1" classes="1"/>
    <file name="TodoItem.vue" path="/home/elwin/repos/vitest/to-do-list/src/components/TodoItem.vue">
      <metrics statements="5" coveredstatements="5" conditionals="4" coveredconditionals="4" methods="2" coveredmethods="2"/>
      <line num="12" count="6" type="stmt"/>
      <line num="19" count="6" type="stmt"/>
      <line num="20" count="1" type="stmt"/>
      <line num="24" count="2" type="cond" truecount="2" falsecount="0"/>
      <line num="37" count="1" type="cond" truecount="2" falsecount="0"/>
    </file>
  </project>
</coverage>
