{"/home/elwin/repos/vitest/to-do-list/src/components/TodoItem.vue": {"path":"/home/elwin/repos/vitest/to-do-list/src/components/TodoItem.vue","statementMap":{"0":{"start":{"line":12,"column":13},"end":{"line":12,"column":null}},"1":{"start":{"line":20,"column":15},"end":{"line":20,"column":39}},"2":{"start":{"line":19,"column":4},"end":{"line":41,"column":17}},"3":{"start":{"line":24,"column":25},"end":{"line":24,"column":47}},"4":{"start":{"line":37,"column":20},"end":{"line":37,"column":42}}},"fnMap":{"0":{"name":"(anonymous_0)","decl":{"start":{"line":24,"column":23},"end":{"line":24,"column":25}},"loc":{"start":{"line":24,"column":25},"end":{"line":24,"column":47}},"line":24},"1":{"name":"(anonymous_1)","decl":{"start":{"line":37,"column":18},"end":{"line":37,"column":20}},"loc":{"start":{"line":37,"column":20},"end":{"line":37,"column":42}},"line":37}},"branchMap":{"0":{"loc":{"start":{"line":24,"column":23},"end":{"line":24,"column":null}},"type":"binary-expr","locations":[{"start":{"line":24,"column":23},"end":{"line":24,"column":25}},{"start":{"line":24,"column":23},"end":{"line":24,"column":47}}],"line":24},"1":{"loc":{"start":{"line":37,"column":18},"end":{"line":37,"column":null}},"type":"binary-expr","locations":[{"start":{"line":37,"column":18},"end":{"line":37,"column":20}},{"start":{"line":37,"column":18},"end":{"line":37,"column":42}}],"line":37}},"s":{"0":6,"1":1,"2":6,"3":2,"4":1},"f":{"0":2,"1":1},"b":{"0":[6,6],"1":[6,6]},"meta":{"lastBranch":2,"lastFunction":2,"lastStatement":5,"seen":{"s:12:13:12:Infinity":0,"s:20:15:20:39":1,"s:19:4:41:17":2,"b:24:23:24:25:24:23:24:47":0,"f:24:23:24:25":0,"s:24:25:24:47":3,"b:37:18:37:20:37:18:37:42":1,"f:37:18:37:20":1,"s:37:20:37:42":4}}}
}
