{"/home/elwin/repos/vitest/to-do-list/src/components/TodoInput.vue": {"path":"/home/elwin/repos/vitest/to-do-list/src/components/TodoInput.vue","statementMap":{"0":{"start":{"line":4,"column":13},"end":{"line":4,"column":null}},"1":{"start":{"line":8,"column":6},"end":{"line":8,"column":23}},"2":{"start":{"line":11,"column":20},"end":{"line":11,"column":40}},"3":{"start":{"line":14,"column":8},"end":{"line":14,"column":null}},"4":{"start":{"line":17,"column":4},"end":{"line":17,"column":null}},"5":{"start":{"line":18,"column":4},"end":{"line":18,"column":null}},"6":{"start":{"line":25,"column":21},"end":{"line":25,"column":null}}},"fnMap":{"0":{"name":"(anonymous_0)","decl":{"start":{"line":25,"column":21},"end":{"line":25,"column":28}},"loc":{"start":{"line":25,"column":21},"end":{"line":25,"column":null}},"line":25}},"branchMap":{"0":{"loc":{"start":{"line":25,"column":21},"end":{"line":25,"column":null}},"type":"binary-expr","locations":[{"start":{"line":25,"column":21},"end":{"line":25,"column":28}},{"start":{"line":25,"column":21},"end":{"line":25,"column":null}}],"line":25}},"s":{"0":0,"1":0,"2":0,"3":0,"4":0,"5":0,"6":0},"f":{"0":0},"b":{"0":[0,0]},"meta":{"lastBranch":1,"lastFunction":1,"lastStatement":7,"seen":{"s:4:13:4:Infinity":0,"s:8:6:8:23":1,"s:11:20:11:40":2,"s:14:8:14:Infinity":3,"s:17:4:17:Infinity":4,"s:18:4:18:Infinity":5,"b:25:21:25:28:25:21:25:Infinity":0,"f:25:21:25:28":0,"s:25:21:25:Infinity":6}}}
,"/home/elwin/repos/vitest/to-do-list/src/components/TodoItem.vue": {"path":"/home/elwin/repos/vitest/to-do-list/src/components/TodoItem.vue","statementMap":{"0":{"start":{"line":12,"column":13},"end":{"line":12,"column":null}},"1":{"start":{"line":20,"column":15},"end":{"line":20,"column":39}},"2":{"start":{"line":19,"column":4},"end":{"line":41,"column":17}},"3":{"start":{"line":24,"column":25},"end":{"line":24,"column":47}},"4":{"start":{"line":37,"column":20},"end":{"line":37,"column":42}}},"fnMap":{"0":{"name":"(anonymous_0)","decl":{"start":{"line":24,"column":23},"end":{"line":24,"column":25}},"loc":{"start":{"line":24,"column":25},"end":{"line":24,"column":47}},"line":24},"1":{"name":"(anonymous_1)","decl":{"start":{"line":37,"column":18},"end":{"line":37,"column":20}},"loc":{"start":{"line":37,"column":20},"end":{"line":37,"column":42}},"line":37}},"branchMap":{"0":{"loc":{"start":{"line":24,"column":23},"end":{"line":24,"column":null}},"type":"binary-expr","locations":[{"start":{"line":24,"column":23},"end":{"line":24,"column":25}},{"start":{"line":24,"column":23},"end":{"line":24,"column":47}}],"line":24},"1":{"loc":{"start":{"line":37,"column":18},"end":{"line":37,"column":null}},"type":"binary-expr","locations":[{"start":{"line":37,"column":18},"end":{"line":37,"column":20}},{"start":{"line":37,"column":18},"end":{"line":37,"column":42}}],"line":37}},"s":{"0":0,"1":1,"2":0,"3":0,"4":0},"f":{"0":0,"1":0},"b":{"0":[0,0],"1":[0,0]},"meta":{"lastBranch":2,"lastFunction":2,"lastStatement":5,"seen":{"s:12:13:12:Infinity":0,"s:20:15:20:39":1,"s:19:4:41:17":2,"b:24:23:24:25:24:23:24:47":0,"f:24:23:24:25":0,"s:24:25:24:47":3,"b:37:18:37:20:37:18:37:42":1,"f:37:18:37:20":1,"s:37:20:37:42":4}}}
,"/home/elwin/repos/vitest/to-do-list/src/components/TodoList.vue": {"path":"/home/elwin/repos/vitest/to-do-list/src/components/TodoList.vue","statementMap":{"0":{"start":{"line":14,"column":6},"end":{"line":14,"column":29}},"1":{"start":{"line":15,"column":6},"end":{"line":15,"column":33}},"2":{"start":{"line":16,"column":13},"end":{"line":16,"column":null}},"3":{"start":{"line":19,"column":4},"end":{"line":23,"column":null}},"4":{"start":{"line":27,"column":4},"end":{"line":27,"column":null}},"5":{"start":{"line":27,"column":45},"end":{"line":27,"column":60}},"6":{"start":{"line":31,"column":17},"end":{"line":31,"column":51}},"7":{"start":{"line":31,"column":39},"end":{"line":31,"column":51}},"8":{"start":{"line":33,"column":8},"end":{"line":33,"column":null}},"9":{"start":{"line":38,"column":4},"end":{"line":38,"column":null}},"10":{"start":{"line":38,"column":45},"end":{"line":38,"column":61}},"11":{"start":{"line":41,"column":6},"end":{"line":49,"column":null}},"12":{"start":{"line":43,"column":8},"end":{"line":43,"column":null}},"13":{"start":{"line":43,"column":42},"end":{"line":43,"column":58}},"14":{"start":{"line":46,"column":8},"end":{"line":46,"column":null}},"15":{"start":{"line":46,"column":42},"end":{"line":46,"column":57}},"16":{"start":{"line":48,"column":4},"end":{"line":48,"column":null}},"17":{"start":{"line":51,"column":6},"end":{"line":53,"column":null}},"18":{"start":{"line":52,"column":4},"end":{"line":52,"column":null}},"19":{"start":{"line":52,"column":38},"end":{"line":52,"column":54}},"20":{"start":{"line":55,"column":6},"end":{"line":57,"column":null}},"21":{"start":{"line":56,"column":4},"end":{"line":56,"column":null}},"22":{"start":{"line":56,"column":36},"end":{"line":56,"column":51}},"23":{"start":{"line":61,"column":9},"end":{"line":61,"column":36}},"24":{"start":{"line":109,"column":17},"end":{"line":109,"column":31}},"25":{"start":{"line":110,"column":22},"end":{"line":110,"column":46}},"26":{"start":{"line":74,"column":28},"end":{"line":74,"column":null}},"27":{"start":{"line":81,"column":28},"end":{"line":81,"column":null}},"28":{"start":{"line":88,"column":28},"end":{"line":88,"column":null}}},"fnMap":{"0":{"name":"(anonymous_0)","decl":{"start":{"line":27,"column":30},"end":{"line":27,"column":37}},"loc":{"start":{"line":27,"column":45},"end":{"line":27,"column":60}},"line":27},"1":{"name":"(anonymous_1)","decl":{"start":{"line":31,"column":29},"end":{"line":31,"column":34}},"loc":{"start":{"line":31,"column":39},"end":{"line":31,"column":51}},"line":31},"2":{"name":"(anonymous_2)","decl":{"start":{"line":38,"column":30},"end":{"line":38,"column":37}},"loc":{"start":{"line":38,"column":45},"end":{"line":38,"column":61}},"line":38},"3":{"name":"(anonymous_3)","decl":{"start":{"line":41,"column":22},"end":{"line":41,"column":37}},"loc":{"start":{"line":41,"column":37},"end":{"line":49,"column":null}},"line":41},"4":{"name":"(anonymous_4)","decl":{"start":{"line":43,"column":27},"end":{"line":43,"column":34}},"loc":{"start":{"line":43,"column":42},"end":{"line":43,"column":58}},"line":43},"5":{"name":"(anonymous_5)","decl":{"start":{"line":46,"column":27},"end":{"line":46,"column":34}},"loc":{"start":{"line":46,"column":42},"end":{"line":46,"column":57}},"line":46},"6":{"name":"(anonymous_6)","decl":{"start":{"line":51,"column":20},"end":{"line":51,"column":35}},"loc":{"start":{"line":51,"column":35},"end":{"line":53,"column":null}},"line":51},"7":{"name":"(anonymous_7)","decl":{"start":{"line":52,"column":23},"end":{"line":52,"column":30}},"loc":{"start":{"line":52,"column":38},"end":{"line":52,"column":54}},"line":52},"8":{"name":"(anonymous_8)","decl":{"start":{"line":55,"column":26},"end":{"line":55,"column":41}},"loc":{"start":{"line":55,"column":41},"end":{"line":57,"column":null}},"line":55},"9":{"name":"(anonymous_9)","decl":{"start":{"line":56,"column":23},"end":{"line":56,"column":28}},"loc":{"start":{"line":56,"column":36},"end":{"line":56,"column":51}},"line":56},"10":{"name":"(anonymous_10)","decl":{"start":{"line":74,"column":26},"end":{"line":74,"column":28}},"loc":{"start":{"line":74,"column":28},"end":{"line":74,"column":null}},"line":74},"11":{"name":"(anonymous_11)","decl":{"start":{"line":81,"column":26},"end":{"line":81,"column":28}},"loc":{"start":{"line":81,"column":28},"end":{"line":81,"column":null}},"line":81},"12":{"name":"(anonymous_12)","decl":{"start":{"line":88,"column":26},"end":{"line":88,"column":28}},"loc":{"start":{"line":88,"column":28},"end":{"line":88,"column":null}},"line":88}},"branchMap":{"0":{"loc":{"start":{"line":62,"column":8},"end":{"line":62,"column":26}},"type":"binary-expr","locations":[{"start":{"line":62,"column":8},"end":{"line":62,"column":12}},{"start":{"line":62,"column":8},"end":{"line":62,"column":26}}],"line":62},"1":{"loc":{"start":{"line":68,"column":14},"end":{"line":67,"column":66}},"type":"binary-expr","locations":[{"start":{"line":68,"column":14},"end":{"line":68,"column":null}},{"start":{"line":68,"column":14},"end":{"line":67,"column":66}}],"line":68},"2":{"loc":{"start":{"line":74,"column":26},"end":{"line":74,"column":null}},"type":"binary-expr","locations":[{"start":{"line":74,"column":26},"end":{"line":74,"column":28}},{"start":{"line":74,"column":26},"end":{"line":74,"column":null}}],"line":74},"3":{"loc":{"start":{"line":81,"column":26},"end":{"line":81,"column":null}},"type":"binary-expr","locations":[{"start":{"line":81,"column":26},"end":{"line":81,"column":28}},{"start":{"line":81,"column":26},"end":{"line":81,"column":null}}],"line":81},"4":{"loc":{"start":{"line":88,"column":26},"end":{"line":88,"column":null}},"type":"binary-expr","locations":[{"start":{"line":88,"column":26},"end":{"line":88,"column":28}},{"start":{"line":88,"column":26},"end":{"line":88,"column":null}}],"line":88},"5":{"loc":{"start":{"line":95,"column":22},"end":{"line":106,"column":47}},"type":"cond-expr","locations":[{"start":{"line":95,"column":42},"end":{"line":105,"column":24}},{"start":{"line":105,"column":12},"end":{"line":106,"column":47}}],"line":95},"6":{"loc":{"start":{"line":107,"column":18},"end":{"line":106,"column":47}},"type":"binary-expr","locations":[{"start":{"line":107,"column":18},"end":{"line":107,"column":null}},{"start":{"line":107,"column":18},"end":{"line":106,"column":47}}],"line":107},"7":{"loc":{"start":{"line":111,"column":41},"end":{"line":111,"column":80}},"type":"cond-expr","locations":[{"start":{"line":111,"column":52},"end":{"line":111,"column":80}},{"start":{"line":111,"column":52},"end":{"line":111,"column":80}}],"line":111},"8":{"loc":{"start":{"line":114,"column":26},"end":{"line":120,"column":25}},"type":"cond-expr","locations":[{"start":{"line":114,"column":26},"end":{"line":118,"column":null}},{"start":{"line":120,"column":16},"end":{"line":120,"column":25}}],"line":114}},"s":{"0":12,"1":12,"2":12,"3":30,"4":1,"5":1,"6":11,"7":31,"8":11,"9":1,"10":4,"11":12,"12":1,"13":4,"14":2,"15":6,"16":12,"17":12,"18":42,"19":110,"20":12,"21":37,"22":80,"23":1,"24":1,"25":1,"26":1,"27":1,"28":2},"f":{"0":1,"1":31,"2":4,"3":15,"4":4,"5":6,"6":42,"7":110,"8":37,"9":80,"10":1,"11":1,"12":2},"b":{"0":[58,12],"1":[13,12],"2":[45,11],"3":[45,11],"4":[45,11],"5":[44,1],"6":[1,1],"7":[11,34],"8":[13,32]},"meta":{"lastBranch":9,"lastFunction":13,"lastStatement":29,"seen":{"s:14:6:14:29":0,"s:15:6:15:33":1,"s:16:13:16:Infinity":2,"s:19:4:23:Infinity":3,"s:27:4:27:Infinity":4,"f:27:30:27:37":0,"s:27:45:27:60":5,"s:31:17:31:51":6,"f:31:29:31:34":1,"s:31:39:31:51":7,"s:33:8:33:Infinity":8,"s:38:4:38:Infinity":9,"f:38:30:38:37":2,"s:38:45:38:61":10,"s:41:6:49:Infinity":11,"f:41:22:41:37":3,"s:43:8:43:Infinity":12,"f:43:27:43:34":4,"s:43:42:43:58":13,"s:46:8:46:Infinity":14,"f:46:27:46:34":5,"s:46:42:46:57":15,"s:48:4:48:Infinity":16,"s:51:6:53:Infinity":17,"f:51:20:51:35":6,"s:52:4:52:Infinity":18,"f:52:23:52:30":7,"s:52:38:52:54":19,"s:55:6:57:Infinity":20,"f:55:26:55:41":8,"s:56:4:56:Infinity":21,"f:56:23:56:28":9,"s:56:36:56:51":22,"s:61:9:61:36":23,"s:109:17:109:31":24,"s:110:22:110:46":25,"b:62:8:62:12:62:8:62:26":0,"b:68:14:68:Infinity:68:14:67:66":1,"b:74:26:74:28:74:26:74:Infinity":2,"f:74:26:74:28":10,"s:74:28:74:Infinity":26,"b:81:26:81:28:81:26:81:Infinity":3,"f:81:26:81:28":11,"s:81:28:81:Infinity":27,"b:88:26:88:28:88:26:88:Infinity":4,"f:88:26:88:28":12,"s:88:28:88:Infinity":28,"b:95:42:105:24:105:12:106:47":5,"b:107:18:107:Infinity:107:18:106:47":6,"b:111:52:111:80:111:52:111:80":7,"b:114:26:118:Infinity:120:16:120:25":8}}}
}
