<?xml version="1.0" encoding="UTF-8"?>
<coverage generated="1762171077843" clover="3.2.0">
  <project timestamp="1762171077843" name="All files">
    <metrics statements="5" coveredstatements="5" conditionals="16" coveredconditionals="16" methods="1" coveredmethods="1" elements="22" coveredelements="22" complexity="0" loc="5" ncloc="5" packages="1" files="4" classes="4"/>
    <file name="Greeting.vue" path="/home/elwin/repos/vitest/vue-testing/src/components/Greeting.vue">
      <metrics statements="0" coveredstatements="0" conditionals="2" coveredconditionals="2" methods="0" coveredmethods="0"/>
    </file>
    <file name="HelloWorld.vue" path="/home/elwin/repos/vitest/vue-testing/src/components/HelloWorld.vue">
      <metrics statements="3" coveredstatements="3" conditionals="4" coveredconditionals="4" methods="1" coveredmethods="1"/>
      <line num="6" count="3" type="stmt"/>
      <line num="12" count="1" type="stmt"/>
      <line num="13" count="1" type="cond" truecount="2" falsecount="0"/>
    </file>
    <file name="LoginStatus.vue" path="/home/elwin/repos/vitest/vue-testing/src/components/LoginStatus.vue">
      <metrics statements="1" coveredstatements="1" conditionals="4" coveredconditionals="4" methods="0" coveredmethods="0"/>
      <line num="8" count="4" type="stmt"/>
    </file>
    <file name="StatusBadge.vue" path="/home/elwin/repos/vitest/vue-testing/src/components/StatusBadge.vue">
      <metrics statements="1" coveredstatements="1" conditionals="6" coveredconditionals="6" methods="0" coveredmethods="0"/>
      <line num="8" count="1" type="stmt"/>
    </file>
  </project>
</coverage>
