<?xml version="1.0" encoding="UTF-8"?>
<coverage generated="1762784368273" clover="3.2.0">
  <project timestamp="1762784368273" name="All files">
    <metrics statements="7" coveredstatements="7" conditionals="4" coveredconditionals="4" methods="1" coveredmethods="1" elements="12" coveredelements="12" complexity="0" loc="7" ncloc="7" packages="1" files="1" classes="1"/>
    <file name="SearchForm.vue" path="/home/elwin/repos/vitest/vue-testing/src/components/SearchForm.vue">
      <metrics statements="7" coveredstatements="7" conditionals="4" coveredconditionals="4" methods="1" coveredmethods="1"/>
      <line num="4" count="4" type="stmt"/>
      <line num="8" count="4" type="stmt"/>
      <line num="12" count="4" type="stmt"/>
      <line num="16" count="2" type="stmt"/>
      <line num="19" count="2" type="stmt"/>
      <line num="20" count="2" type="stmt"/>
      <line num="27" count="3" type="cond" truecount="4" falsecount="0"/>
    </file>
  </project>
</coverage>
