{"/home/elwin/repos/vitest/vue-testing/src/components/SearchForm.vue": {"path":"/home/elwin/repos/vitest/vue-testing/src/components/SearchForm.vue","statementMap":{"0":{"start":{"line":4,"column":14},"end":{"line":4,"column":null}},"1":{"start":{"line":8,"column":13},"end":{"line":8,"column":null}},"2":{"start":{"line":12,"column":6},"end":{"line":12,"column":21}},"3":{"start":{"line":16,"column":8},"end":{"line":16,"column":null}},"4":{"start":{"line":19,"column":4},"end":{"line":19,"column":null}},"5":{"start":{"line":20,"column":4},"end":{"line":20,"column":null}},"6":{"start":{"line":27,"column":21},"end":{"line":27,"column":null}}},"fnMap":{"0":{"name":"(anonymous_0)","decl":{"start":{"line":27,"column":21},"end":{"line":27,"column":26}},"loc":{"start":{"line":27,"column":21},"end":{"line":27,"column":null}},"line":27}},"branchMap":{"0":{"loc":{"start":{"line":27,"column":21},"end":{"line":27,"column":null}},"type":"binary-expr","locations":[{"start":{"line":27,"column":21},"end":{"line":27,"column":26}},{"start":{"line":27,"column":21},"end":{"line":27,"column":null}}],"line":27},"1":{"loc":{"start":{"line":27,"column":26},"end":{"line":34,"column":17}},"type":"binary-expr","locations":[{"start":{"line":27,"column":26},"end":{"line":27,"column":null}},{"start":{"line":27,"column":26},"end":{"line":34,"column":17}}],"line":27}},"s":{"0":4,"1":4,"2":4,"3":2,"4":2,"5":2,"6":3},"f":{"0":3},"b":{"0":[7,4],"1":[7,4]},"meta":{"lastBranch":0,"lastFunction":0,"lastStatement":0,"seen":{}}}
}
