{"/home/elwin/repos/vitest/vue-testing/src/components/Counter.vue": {"path":"/home/elwin/repos/vitest/vue-testing/src/components/Counter.vue","statementMap":{"0":{"start":{"line":11,"column":6},"end":{"line":11,"column":20}},"1":{"start":{"line":13,"column":13},"end":{"line":13,"column":null}},"2":{"start":{"line":18,"column":4},"end":{"line":18,"column":null}},"3":{"start":{"line":19,"column":4},"end":{"line":19,"column":null}},"4":{"start":{"line":2,"column":4},"end":{"line":4,"column":53}}},"fnMap":{},"branchMap":{},"s":{"0":0,"1":0,"2":0,"3":0,"4":0},"f":{},"b":{},"meta":{"lastBranch":0,"lastFunction":0,"lastStatement":5,"seen":{"s:11:6:11:20":0,"s:13:13:13:Infinity":1,"s:18:4:18:Infinity":2,"s:19:4:19:Infinity":3,"s:2:4:4:53":4}}}
,"/home/elwin/repos/vitest/vue-testing/src/components/LikeButton.vue": {"path":"/home/elwin/repos/vitest/vue-testing/src/components/LikeButton.vue","statementMap":{"0":{"start":{"line":16,"column":13},"end":{"line":16,"column":null}},"1":{"start":{"line":21,"column":6},"end":{"line":21,"column":24}},"2":{"start":{"line":24,"column":4},"end":{"line":24,"column":null}},"3":{"start":{"line":27,"column":8},"end":{"line":27,"column":null}},"4":{"start":{"line":29,"column":8},"end":{"line":29,"column":null}},"5":{"start":{"line":2,"column":4},"end":{"line":5,"column":62}}},"fnMap":{},"branchMap":{"0":{"loc":{"start":{"line":3,"column":20},"end":{"line":4,"column":35}},"type":"cond-expr","locations":[{"start":{"line":3,"column":20},"end":{"line":3,"column":35}},{"start":{"line":3,"column":35},"end":{"line":4,"column":28}}],"line":3},"1":{"loc":{"start":{"line":5,"column":20},"end":{"line":5,"column":62}},"type":"cond-expr","locations":[{"start":{"line":5,"column":30},"end":{"line":5,"column":62}},{"start":{"line":5,"column":55},"end":{"line":5,"column":62}}],"line":5}},"s":{"0":6,"1":6,"2":8,"3":6,"4":2,"5":14},"f":{},"b":{"0":[6,8],"1":[3,11]},"meta":{"lastBranch":2,"lastFunction":0,"lastStatement":6,"seen":{"s:16:13:16:Infinity":0,"s:21:6:21:24":1,"s:24:4:24:Infinity":2,"s:27:8:27:Infinity":3,"s:29:8:29:Infinity":4,"s:2:4:5:62":5,"b:3:20:3:35:3:35:4:28":0,"b:5:30:5:62:5:55:5:62":1}}}
,"/home/elwin/repos/vitest/vue-testing/src/components/LoginForm.vue": {"path":"/home/elwin/repos/vitest/vue-testing/src/components/LoginForm.vue","statementMap":{"0":{"start":{"line":32,"column":6},"end":{"line":32,"column":21}},"1":{"start":{"line":33,"column":6},"end":{"line":33,"column":24}},"2":{"start":{"line":34,"column":6},"end":{"line":34,"column":21}},"3":{"start":{"line":36,"column":13},"end":{"line":36,"column":null}},"4":{"start":{"line":42,"column":4},"end":{"line":42,"column":null}},"5":{"start":{"line":46,"column":8},"end":{"line":46,"column":null}},"6":{"start":{"line":47,"column":8},"end":{"line":47,"column":null}},"7":{"start":{"line":51,"column":4},"end":{"line":54,"column":null}},"8":{"start":{"line":7,"column":25},"end":{"line":7,"column":null}},"9":{"start":{"line":17,"column":25},"end":{"line":17,"column":null}}},"fnMap":{"0":{"name":"(anonymous_0)","decl":{"start":{"line":7,"column":25},"end":{"line":7,"column":30}},"loc":{"start":{"line":7,"column":25},"end":{"line":7,"column":null}},"line":7},"1":{"name":"(anonymous_1)","decl":{"start":{"line":17,"column":25},"end":{"line":17,"column":33}},"loc":{"start":{"line":17,"column":25},"end":{"line":17,"column":null}},"line":17}},"branchMap":{"0":{"loc":{"start":{"line":45,"column":8},"end":{"line":45,"column":41}},"type":"binary-expr","locations":[{"start":{"line":45,"column":8},"end":{"line":45,"column":24}},{"start":{"line":45,"column":24},"end":{"line":45,"column":41}}],"line":45},"1":{"loc":{"start":{"line":11,"column":14},"end":{"line":4,"column":45}},"type":"binary-expr","locations":[{"start":{"line":11,"column":14},"end":{"line":11,"column":null}},{"start":{"line":11,"column":14},"end":{"line":4,"column":45}}],"line":11},"2":{"loc":{"start":{"line":7,"column":25},"end":{"line":7,"column":null}},"type":"binary-expr","locations":[{"start":{"line":7,"column":25},"end":{"line":7,"column":30}},{"start":{"line":7,"column":25},"end":{"line":7,"column":null}}],"line":7},"3":{"loc":{"start":{"line":21,"column":14},"end":{"line":14,"column":53}},"type":"binary-expr","locations":[{"start":{"line":21,"column":14},"end":{"line":21,"column":null}},{"start":{"line":21,"column":14},"end":{"line":14,"column":53}}],"line":21},"4":{"loc":{"start":{"line":17,"column":25},"end":{"line":17,"column":null}},"type":"binary-expr","locations":[{"start":{"line":17,"column":25},"end":{"line":17,"column":33}},{"start":{"line":17,"column":25},"end":{"line":17,"column":null}}],"line":17},"5":{"loc":{"start":{"line":23,"column":19},"end":{"line":23,"column":57}},"type":"cond-expr","locations":[{"start":{"line":23,"column":19},"end":{"line":23,"column":57}},{"start":{"line":23,"column":48},"end":{"line":23,"column":57}}],"line":23},"6":{"loc":{"start":{"line":25,"column":8},"end":{"line":25,"column":47}},"type":"binary-expr","locations":[{"start":{"line":25,"column":8},"end":{"line":25,"column":16}},{"start":{"line":25,"column":8},"end":{"line":25,"column":47}}],"line":25}},"s":{"0":6,"1":6,"2":6,"3":6,"4":5,"5":3,"6":3,"7":2,"8":4,"9":2},"f":{"0":4,"1":2},"b":{"0":[5,3],"1":[16,6],"2":[16,6],"3":[16,6],"4":[16,6],"5":[5,11],"6":[16,6]},"meta":{"lastBranch":7,"lastFunction":2,"lastStatement":10,"seen":{"s:32:6:32:21":0,"s:33:6:33:24":1,"s:34:6:34:21":2,"s:36:13:36:Infinity":3,"s:42:4:42:Infinity":4,"b:45:8:45:24:45:24:45:41":0,"s:46:8:46:Infinity":5,"s:47:8:47:Infinity":6,"s:51:4:54:Infinity":7,"b:11:14:11:Infinity:11:14:4:45":1,"b:7:25:7:30:7:25:7:Infinity":2,"f:7:25:7:30":0,"s:7:25:7:Infinity":8,"b:21:14:21:Infinity:21:14:14:53":3,"b:17:25:17:33:17:25:17:Infinity":4,"f:17:25:17:33":1,"s:17:25:17:Infinity":9,"b:23:19:23:57:23:48:23:57":5,"b:25:8:25:16:25:8:25:47":6}}}
,"/home/elwin/repos/vitest/vue-testing/src/components/RegistrationForm.vue": {"path":"/home/elwin/repos/vitest/vue-testing/src/components/RegistrationForm.vue","statementMap":{"0":{"start":{"line":53,"column":6},"end":{"line":53,"column":21}},"1":{"start":{"line":54,"column":6},"end":{"line":54,"column":24}},"2":{"start":{"line":55,"column":6},"end":{"line":55,"column":31}},"3":{"start":{"line":56,"column":6},"end":{"line":56,"column":30}},"4":{"start":{"line":57,"column":6},"end":{"line":57,"column":21}},"5":{"start":{"line":59,"column":13},"end":{"line":59,"column":null}},"6":{"start":{"line":70,"column":4},"end":{"line":70,"column":null}},"7":{"start":{"line":74,"column":8},"end":{"line":74,"column":null}},"8":{"start":{"line":75,"column":8},"end":{"line":75,"column":null}},"9":{"start":{"line":80,"column":8},"end":{"line":80,"column":null}},"10":{"start":{"line":81,"column":8},"end":{"line":81,"column":null}},"11":{"start":{"line":86,"column":8},"end":{"line":86,"column":null}},"12":{"start":{"line":87,"column":8},"end":{"line":87,"column":null}},"13":{"start":{"line":92,"column":8},"end":{"line":92,"column":null}},"14":{"start":{"line":93,"column":8},"end":{"line":93,"column":null}},"15":{"start":{"line":97,"column":4},"end":{"line":102,"column":null}},"16":{"start":{"line":7,"column":25},"end":{"line":7,"column":null}},"17":{"start":{"line":17,"column":25},"end":{"line":17,"column":null}},"18":{"start":{"line":27,"column":25},"end":{"line":27,"column":null}},"19":{"start":{"line":37,"column":29},"end":{"line":37,"column":null}}},"fnMap":{"0":{"name":"(anonymous_0)","decl":{"start":{"line":7,"column":25},"end":{"line":7,"column":30}},"loc":{"start":{"line":7,"column":25},"end":{"line":7,"column":null}},"line":7},"1":{"name":"(anonymous_1)","decl":{"start":{"line":17,"column":25},"end":{"line":17,"column":33}},"loc":{"start":{"line":17,"column":25},"end":{"line":17,"column":null}},"line":17},"2":{"name":"(anonymous_2)","decl":{"start":{"line":27,"column":25},"end":{"line":27,"column":40}},"loc":{"start":{"line":27,"column":25},"end":{"line":27,"column":null}},"line":27},"3":{"name":"(anonymous_3)","decl":{"start":{"line":37,"column":29},"end":{"line":37,"column":40}},"loc":{"start":{"line":37,"column":29},"end":{"line":37,"column":null}},"line":37}},"branchMap":{"0":{"loc":{"start":{"line":73,"column":8},"end":{"line":73,"column":67}},"type":"binary-expr","locations":[{"start":{"line":73,"column":8},"end":{"line":73,"column":24}},{"start":{"line":73,"column":24},"end":{"line":73,"column":43}},{"start":{"line":73,"column":43},"end":{"line":73,"column":67}}],"line":73},"1":{"loc":{"start":{"line":11,"column":14},"end":{"line":4,"column":45}},"type":"binary-expr","locations":[{"start":{"line":11,"column":14},"end":{"line":11,"column":null}},{"start":{"line":11,"column":14},"end":{"line":4,"column":45}}],"line":11},"2":{"loc":{"start":{"line":7,"column":25},"end":{"line":7,"column":null}},"type":"binary-expr","locations":[{"start":{"line":7,"column":25},"end":{"line":7,"column":30}},{"start":{"line":7,"column":25},"end":{"line":7,"column":null}}],"line":7},"3":{"loc":{"start":{"line":21,"column":14},"end":{"line":14,"column":53}},"type":"binary-expr","locations":[{"start":{"line":21,"column":14},"end":{"line":21,"column":null}},{"start":{"line":21,"column":14},"end":{"line":14,"column":53}}],"line":21},"4":{"loc":{"start":{"line":17,"column":25},"end":{"line":17,"column":null}},"type":"binary-expr","locations":[{"start":{"line":17,"column":25},"end":{"line":17,"column":33}},{"start":{"line":17,"column":25},"end":{"line":17,"column":null}}],"line":17},"5":{"loc":{"start":{"line":31,"column":14},"end":{"line":24,"column":69}},"type":"binary-expr","locations":[{"start":{"line":31,"column":14},"end":{"line":31,"column":null}},{"start":{"line":31,"column":14},"end":{"line":24,"column":69}}],"line":31},"6":{"loc":{"start":{"line":27,"column":25},"end":{"line":27,"column":null}},"type":"binary-expr","locations":[{"start":{"line":27,"column":25},"end":{"line":27,"column":40}},{"start":{"line":27,"column":25},"end":{"line":27,"column":null}}],"line":27},"7":{"loc":{"start":{"line":37,"column":29},"end":{"line":37,"column":null}},"type":"binary-expr","locations":[{"start":{"line":37,"column":29},"end":{"line":37,"column":40}},{"start":{"line":37,"column":29},"end":{"line":37,"column":null}}],"line":37},"8":{"loc":{"start":{"line":37,"column":40},"end":{"line":41,"column":20}},"type":"binary-expr","locations":[{"start":{"line":37,"column":40},"end":{"line":37,"column":null}},{"start":{"line":37,"column":40},"end":{"line":41,"column":20}}],"line":37},"9":{"loc":{"start":{"line":44,"column":19},"end":{"line":44,"column":57}},"type":"cond-expr","locations":[{"start":{"line":44,"column":19},"end":{"line":44,"column":57}},{"start":{"line":44,"column":48},"end":{"line":44,"column":57}}],"line":44},"10":{"loc":{"start":{"line":46,"column":8},"end":{"line":46,"column":50}},"type":"binary-expr","locations":[{"start":{"line":46,"column":8},"end":{"line":46,"column":16}},{"start":{"line":46,"column":8},"end":{"line":46,"column":50}}],"line":46}},"s":{"0":7,"1":7,"2":7,"3":7,"4":7,"5":7,"6":5,"7":1,"8":1,"9":1,"10":1,"11":1,"12":1,"13":1,"14":1,"15":1,"16":5,"17":5,"18":5,"19":4},"f":{"0":5,"1":5,"2":5,"3":4},"b":{"0":[5,4,4],"1":[29,7],"2":[29,7],"3":[29,7],"4":[29,7],"5":[29,7],"6":[29,7],"7":[29,7],"8":[29,7],"9":[4,25],"10":[29,7]},"meta":{"lastBranch":11,"lastFunction":4,"lastStatement":20,"seen":{"s:53:6:53:21":0,"s:54:6:54:24":1,"s:55:6:55:31":2,"s:56:6:56:30":3,"s:57:6:57:21":4,"s:59:13:59:Infinity":5,"s:70:4:70:Infinity":6,"b:73:8:73:24:73:24:73:43:73:43:73:67":0,"s:74:8:74:Infinity":7,"s:75:8:75:Infinity":8,"s:80:8:80:Infinity":9,"s:81:8:81:Infinity":10,"s:86:8:86:Infinity":11,"s:87:8:87:Infinity":12,"s:92:8:92:Infinity":13,"s:93:8:93:Infinity":14,"s:97:4:102:Infinity":15,"b:11:14:11:Infinity:11:14:4:45":1,"b:7:25:7:30:7:25:7:Infinity":2,"f:7:25:7:30":0,"s:7:25:7:Infinity":16,"b:21:14:21:Infinity:21:14:14:53":3,"b:17:25:17:33:17:25:17:Infinity":4,"f:17:25:17:33":1,"s:17:25:17:Infinity":17,"b:31:14:31:Infinity:31:14:24:69":5,"b:27:25:27:40:27:25:27:Infinity":6,"f:27:25:27:40":2,"s:27:25:27:Infinity":18,"b:37:29:37:40:37:29:37:Infinity":7,"f:37:29:37:40":3,"s:37:29:37:Infinity":19,"b:37:40:37:Infinity:37:40:41:20":8,"b:44:19:44:57:44:48:44:57":9,"b:46:8:46:16:46:8:46:50":10}}}
,"/home/elwin/repos/vitest/vue-testing/src/components/SearchForm.vue": {"path":"/home/elwin/repos/vitest/vue-testing/src/components/SearchForm.vue","statementMap":{"0":{"start":{"line":4,"column":14},"end":{"line":4,"column":null}},"1":{"start":{"line":8,"column":13},"end":{"line":8,"column":null}},"2":{"start":{"line":12,"column":6},"end":{"line":12,"column":21}},"3":{"start":{"line":16,"column":8},"end":{"line":16,"column":null}},"4":{"start":{"line":19,"column":4},"end":{"line":19,"column":null}},"5":{"start":{"line":20,"column":4},"end":{"line":20,"column":null}},"6":{"start":{"line":27,"column":21},"end":{"line":27,"column":null}}},"fnMap":{"0":{"name":"(anonymous_0)","decl":{"start":{"line":27,"column":21},"end":{"line":27,"column":26}},"loc":{"start":{"line":27,"column":21},"end":{"line":27,"column":null}},"line":27}},"branchMap":{"0":{"loc":{"start":{"line":27,"column":21},"end":{"line":27,"column":null}},"type":"binary-expr","locations":[{"start":{"line":27,"column":21},"end":{"line":27,"column":26}},{"start":{"line":27,"column":21},"end":{"line":27,"column":null}}],"line":27},"1":{"loc":{"start":{"line":27,"column":26},"end":{"line":34,"column":17}},"type":"binary-expr","locations":[{"start":{"line":27,"column":26},"end":{"line":27,"column":null}},{"start":{"line":27,"column":26},"end":{"line":34,"column":17}}],"line":27}},"s":{"0":4,"1":4,"2":4,"3":2,"4":2,"5":2,"6":3},"f":{"0":3},"b":{"0":[7,4],"1":[7,4]},"meta":{"lastBranch":2,"lastFunction":1,"lastStatement":7,"seen":{"s:4:14:4:Infinity":0,"s:8:13:8:Infinity":1,"s:12:6:12:21":2,"s:16:8:16:Infinity":3,"s:19:4:19:Infinity":4,"s:20:4:20:Infinity":5,"b:27:21:27:26:27:21:27:Infinity":0,"f:27:21:27:26":0,"s:27:21:27:Infinity":6,"b:27:26:27:Infinity:27:26:34:17":1}}}
,"/home/elwin/repos/vitest/vue-testing/src/components/UserCard.vue": {"path":"/home/elwin/repos/vitest/vue-testing/src/components/UserCard.vue","statementMap":{"0":{"start":{"line":8,"column":13},"end":{"line":8,"column":null}},"1":{"start":{"line":13,"column":4},"end":{"line":13,"column":null}},"2":{"start":{"line":18,"column":9},"end":{"line":18,"column":26}},"3":{"start":{"line":19,"column":12},"end":{"line":19,"column":33}},"4":{"start":{"line":20,"column":11},"end":{"line":20,"column":33}},"5":{"start":{"line":21,"column":11},"end":{"line":21,"column":32}}},"fnMap":{},"branchMap":{},"s":{"0":5,"1":1,"2":1,"3":1,"4":1,"5":1},"f":{},"b":{},"meta":{"lastBranch":0,"lastFunction":0,"lastStatement":0,"seen":{}}}
,"/home/elwin/repos/vitest/vue-testing/src/components/UserList.vue": {"path":"/home/elwin/repos/vitest/vue-testing/src/components/UserList.vue","statementMap":{"0":{"start":{"line":12,"column":13},"end":{"line":12,"column":null}},"1":{"start":{"line":17,"column":4},"end":{"line":17,"column":null}},"2":{"start":{"line":22,"column":9},"end":{"line":22,"column":26}},"3":{"start":{"line":25,"column":22},"end":{"line":25,"column":43}},"4":{"start":{"line":26,"column":22},"end":{"line":26,"column":44}},"5":{"start":{"line":22,"column":4},"end":{"line":34,"column":12}},"6":{"start":{"line":27,"column":58},"end":{"line":27,"column":81}}},"fnMap":{"0":{"name":"(anonymous_0)","decl":{"start":{"line":27,"column":51},"end":{"line":27,"column":56}},"loc":{"start":{"line":27,"column":58},"end":{"line":27,"column":81}},"line":27}},"branchMap":{"0":{"loc":{"start":{"line":23,"column":18},"end":{"line":34,"column":12}},"type":"cond-expr","locations":[{"start":{"line":23,"column":30},"end":{"line":32,"column":18}},{"start":{"line":32,"column":8},"end":{"line":32,"column":null}}],"line":23}},"s":{"0":5,"1":1,"2":1,"3":1,"4":1,"5":5,"6":1},"f":{"0":1},"b":{"0":[4,1]},"meta":{"lastBranch":1,"lastFunction":1,"lastStatement":7,"seen":{"s:12:13:12:Infinity":0,"s:17:4:17:Infinity":1,"s:22:9:22:26":2,"s:25:22:25:43":3,"s:26:22:26:44":4,"s:22:4:34:12":5,"b:23:30:32:18:32:8:32:Infinity":0,"f:27:51:27:56":0,"s:27:58:27:81":6}}}
,"/home/elwin/repos/vitest/vue-testing/src/components/UserProfile.vue": {"path":"/home/elwin/repos/vitest/vue-testing/src/components/UserProfile.vue","statementMap":{"0":{"start":{"line":10,"column":14},"end":{"line":10,"column":null}},"1":{"start":{"line":14,"column":6},"end":{"line":14,"column":54}},"2":{"start":{"line":18,"column":9},"end":{"line":18,"column":29}},"3":{"start":{"line":20,"column":11},"end":{"line":20,"column":24}},"4":{"start":{"line":21,"column":11},"end":{"line":21,"column":29}}},"fnMap":{},"branchMap":{},"s":{"0":0,"1":0,"2":1,"3":1,"4":1},"f":{},"b":{},"meta":{"lastBranch":0,"lastFunction":0,"lastStatement":0,"seen":{}}}
}
