{"/home/elwin/repos/vitest/vitest-practice/src/calculateDiscount.ts": {"path":"/home/elwin/repos/vitest/vitest-practice/src/calculateDiscount.ts","statementMap":{"0":{"start":{"line":2,"column":4},"end":{"line":4,"column":null}},"1":{"start":{"line":3,"column":8},"end":{"line":3,"column":null}},"2":{"start":{"line":6,"column":4},"end":{"line":8,"column":null}},"3":{"start":{"line":7,"column":8},"end":{"line":7,"column":null}},"4":{"start":{"line":10,"column":4},"end":{"line":10,"column":null}}},"fnMap":{"0":{"name":"calculateDiscount","decl":{"start":{"line":1,"column":16},"end":{"line":1,"column":34}},"loc":{"start":{"line":1,"column":75},"end":{"line":11,"column":null}},"line":1}},"branchMap":{"0":{"loc":{"start":{"line":2,"column":4},"end":{"line":4,"column":null}},"type":"if","locations":[{"start":{"line":2,"column":4},"end":{"line":4,"column":null}},{"start":{},"end":{}}],"line":2},"1":{"loc":{"start":{"line":6,"column":4},"end":{"line":8,"column":null}},"type":"if","locations":[{"start":{"line":6,"column":4},"end":{"line":8,"column":null}},{"start":{},"end":{}}],"line":6},"2":{"loc":{"start":{"line":6,"column":8},"end":{"line":6,"column":40}},"type":"binary-expr","locations":[{"start":{"line":6,"column":8},"end":{"line":6,"column":24}},{"start":{"line":6,"column":24},"end":{"line":6,"column":40}}],"line":6}},"s":{"0":7,"1":1,"2":6,"3":2,"4":4},"f":{"0":7},"b":{"0":[1,6],"1":[2,4],"2":[6,5]},"meta":{"lastBranch":3,"lastFunction":1,"lastStatement":5,"seen":{"f:1:16:1:34":0,"b:2:4:4:Infinity:undefined:undefined:undefined:undefined":0,"s:2:4:4:Infinity":0,"s:3:8:3:Infinity":1,"b:6:4:8:Infinity:undefined:undefined:undefined:undefined":1,"s:6:4:8:Infinity":2,"b:6:8:6:24:6:24:6:40":2,"s:7:8:7:Infinity":3,"s:10:4:10:Infinity":4}}}
}
